<?xml version="1.0" encoding="UTF-8"?>
<coverage generated="1700170549343" clover="3.2.0">
  <project timestamp="1700170549343" name="All files">
    <metrics statements="25" coveredstatements="9" conditionals="10" coveredconditionals="4" methods="11" coveredmethods="2" elements="46" coveredelements="15" complexity="0" loc="25" ncloc="25" packages="1" files="2" classes="2"/>
    <file name="commentCounter.js" path="/home/jimoh/module-two-capstone/src/module/commentCounter.js">
      <metrics statements="20" coveredstatements="7" conditionals="8" coveredconditionals="2" methods="9" coveredmethods="1"/>
      <line num="1" count="1" type="stmt"/>
      <line num="2" count="1" type="stmt"/>
      <line num="3" count="0" type="stmt"/>
      <line num="4" count="0" type="stmt"/>
      <line num="6" count="0" type="stmt"/>
      <line num="10" count="1" type="stmt"/>
      <line num="11" count="0" type="stmt"/>
      <line num="12" count="0" type="cond" truecount="0" falsecount="2"/>
      <line num="13" count="0" type="stmt"/>
      <line num="14" count="0" type="stmt"/>
      <line num="16" count="1" type="stmt"/>
      <line num="19" count="1" type="stmt"/>
      <line num="20" count="0" type="stmt"/>
      <line num="21" count="0" type="stmt"/>
      <line num="24" count="3" type="cond" truecount="2" falsecount="0"/>
      <line num="26" count="1" type="stmt"/>
      <line num="27" count="0" type="cond" truecount="0" falsecount="2"/>
      <line num="28" count="0" type="stmt"/>
      <line num="29" count="0" type="stmt"/>
      <line num="30" count="0" type="cond" truecount="0" falsecount="2"/>
    </file>
    <file name="itemsCounter.js" path="/home/jimoh/module-two-capstone/src/module/itemsCounter.js">
      <metrics statements="5" coveredstatements="2" conditionals="2" coveredconditionals="2" methods="2" coveredmethods="1"/>
      <line num="1" count="3" type="cond" truecount="2" falsecount="0"/>
      <line num="3" count="1" type="stmt"/>
      <line num="4" count="0" type="stmt"/>
      <line num="5" count="0" type="stmt"/>
      <line num="6" count="0" type="stmt"/>
    </file>
  </project>
</coverage>
