{"/home/jimoh/module-two-capstone/src/module/commentCounter.js": {"path":"/home/jimoh/module-two-capstone/src/module/commentCounter.js","statementMap":{"0":{"start":{"line":1,"column":25},"end":{"line":1,"column":128}},"1":{"start":{"line":2,"column":27},"end":{"line":7,"column":1}},"2":{"start":{"line":3,"column":19},"end":{"line":5,"column":3}},"3":{"start":{"line":4,"column":13},"end":{"line":4,"column":16}},"4":{"start":{"line":6,"column":2},"end":{"line":6,"column":25}},"5":{"start":{"line":10,"column":25},"end":{"line":15,"column":1}},"6":{"start":{"line":11,"column":14},"end":{"line":13,"column":19}},"7":{"start":{"line":12,"column":21},"end":{"line":12,"column":50}},"8":{"start":{"line":13,"column":17},"end":{"line":13,"column":18}},"9":{"start":{"line":14,"column":2},"end":{"line":14,"column":13}},"10":{"start":{"line":16,"column":14},"end":{"line":16,"column":52}},"11":{"start":{"line":19,"column":33},"end":{"line":23,"column":1}},"12":{"start":{"line":20,"column":2},"end":{"line":22,"column":5}},"13":{"start":{"line":21,"column":4},"end":{"line":21,"column":61}},"14":{"start":{"line":24,"column":23},"end":{"line":24,"column":85}},"15":{"start":{"line":24,"column":34},"end":{"line":24,"column":84}},"16":{"start":{"line":26,"column":0},"end":{"line":32,"column":3}},"17":{"start":{"line":27,"column":2},"end":{"line":31,"column":3}},"18":{"start":{"line":28,"column":17},"end":{"line":28,"column":54}},"19":{"start":{"line":29,"column":26},"end":{"line":29,"column":46}},"20":{"start":{"line":30,"column":4},"end":{"line":30,"column":79}}},"fnMap":{"0":{"name":"(anonymous_0)","decl":{"start":{"line":2,"column":27},"end":{"line":2,"column":28}},"loc":{"start":{"line":2,"column":46},"end":{"line":7,"column":1}},"line":2},"1":{"name":"(anonymous_1)","decl":{"start":{"line":4,"column":4},"end":{"line":4,"column":5}},"loc":{"start":{"line":4,"column":13},"end":{"line":4,"column":16}},"line":4},"2":{"name":"(anonymous_2)","decl":{"start":{"line":10,"column":25},"end":{"line":10,"column":26}},"loc":{"start":{"line":10,"column":44},"end":{"line":15,"column":1}},"line":10},"3":{"name":"(anonymous_3)","decl":{"start":{"line":12,"column":10},"end":{"line":12,"column":11}},"loc":{"start":{"line":12,"column":21},"end":{"line":12,"column":50}},"line":12},"4":{"name":"(anonymous_4)","decl":{"start":{"line":13,"column":11},"end":{"line":13,"column":12}},"loc":{"start":{"line":13,"column":17},"end":{"line":13,"column":18}},"line":13},"5":{"name":"(anonymous_5)","decl":{"start":{"line":19,"column":33},"end":{"line":19,"column":34}},"loc":{"start":{"line":19,"column":46},"end":{"line":23,"column":1}},"line":19},"6":{"name":"(anonymous_6)","decl":{"start":{"line":20,"column":33},"end":{"line":20,"column":34}},"loc":{"start":{"line":20,"column":44},"end":{"line":22,"column":3}},"line":20},"7":{"name":"(anonymous_7)","decl":{"start":{"line":24,"column":23},"end":{"line":24,"column":24}},"loc":{"start":{"line":24,"column":34},"end":{"line":24,"column":84}},"line":24},"8":{"name":"(anonymous_8)","decl":{"start":{"line":26,"column":35},"end":{"line":26,"column":36}},"loc":{"start":{"line":26,"column":48},"end":{"line":32,"column":1}},"line":26}},"branchMap":{"0":{"loc":{"start":{"line":12,"column":21},"end":{"line":12,"column":50}},"type":"cond-expr","locations":[{"start":{"line":12,"column":35},"end":{"line":12,"column":46}},{"start":{"line":12,"column":49},"end":{"line":12,"column":50}}],"line":12},"1":{"loc":{"start":{"line":24,"column":34},"end":{"line":24,"column":84}},"type":"cond-expr","locations":[{"start":{"line":24,"column":61},"end":{"line":24,"column":72}},{"start":{"line":24,"column":75},"end":{"line":24,"column":84}}],"line":24},"2":{"loc":{"start":{"line":27,"column":2},"end":{"line":31,"column":3}},"type":"if","locations":[{"start":{"line":27,"column":2},"end":{"line":31,"column":3}},{"start":{},"end":{}}],"line":27},"3":{"loc":{"start":{"line":30,"column":60},"end":{"line":30,"column":78}},"type":"binary-expr","locations":[{"start":{"line":30,"column":60},"end":{"line":30,"column":73}},{"start":{"line":30,"column":77},"end":{"line":30,"column":78}}],"line":30}},"s":{"0":1,"1":1,"2":0,"3":0,"4":0,"5":1,"6":0,"7":0,"8":0,"9":0,"10":1,"11":1,"12":0,"13":0,"14":1,"15":3,"16":1,"17":0,"18":0,"19":0,"20":0},"f":{"0":0,"1":0,"2":0,"3":0,"4":0,"5":0,"6":0,"7":3,"8":0},"b":{"0":[0,0],"1":[2,1],"2":[0,0],"3":[0,0]},"_coverageSchema":"1a1c01bbd47fc00a2c39e90264f33305004495a9","hash":"850bb0f0d4f4bc0433fe00b58c941429f874c0e3"}
,"/home/jimoh/module-two-capstone/src/module/itemsCounter.js": {"path":"/home/jimoh/module-two-capstone/src/module/itemsCounter.js","statementMap":{"0":{"start":{"line":1,"column":28},"end":{"line":1,"column":90}},"1":{"start":{"line":1,"column":39},"end":{"line":1,"column":89}},"2":{"start":{"line":3,"column":29},"end":{"line":7,"column":1}},"3":{"start":{"line":4,"column":21},"end":{"line":4,"column":60}},"4":{"start":{"line":5,"column":18},"end":{"line":5,"column":36}},"5":{"start":{"line":6,"column":2},"end":{"line":6,"column":49}}},"fnMap":{"0":{"name":"(anonymous_0)","decl":{"start":{"line":1,"column":28},"end":{"line":1,"column":29}},"loc":{"start":{"line":1,"column":39},"end":{"line":1,"column":89}},"line":1},"1":{"name":"(anonymous_1)","decl":{"start":{"line":3,"column":29},"end":{"line":3,"column":30}},"loc":{"start":{"line":3,"column":39},"end":{"line":7,"column":1}},"line":3}},"branchMap":{"0":{"loc":{"start":{"line":1,"column":39},"end":{"line":1,"column":89}},"type":"cond-expr","locations":[{"start":{"line":1,"column":66},"end":{"line":1,"column":77}},{"start":{"line":1,"column":80},"end":{"line":1,"column":89}}],"line":1}},"s":{"0":1,"1":3,"2":1,"3":0,"4":0,"5":0},"f":{"0":3,"1":0},"b":{"0":[2,1]},"_coverageSchema":"1a1c01bbd47fc00a2c39e90264f33305004495a9","hash":"12174a788b164eb24fac7a4246995a79ef39f804"}
}
